07/07/2020 10:47:28 AM: DEBUG [connection.py:26] => Coneccion Exitosa => <connection object at 0x7fd7a704aaf0; dsn: 'user=postgres password=xxx dbname=test host=127.0.0.1 port=5432', closed: 0> 
07/07/2020 10:47:28 AM: DEBUG [connection.py:39] => Se abrio el cursor con exito => <cursor object at 0x7fd7a5f974f0; closed: 0> 
07/07/2020 10:47:28 AM: DEBUG [person_dao.py:15] => b'SELECT * FROM persona ORDER BY id_persona' 
07/07/2020 10:47:28 AM: DEBUG [person_dao.py:28] =>  Id Person: 1, Name: Dilan, Last Name: Atondo, Email: clara@mail.com 
07/07/2020 10:47:28 AM: DEBUG [person_dao.py:28] =>  Id Person: 2, Name: Lesley, Last Name: Atondo, Email: clara@mail.com 
07/07/2020 10:47:28 AM: DEBUG [person_dao.py:28] =>  Id Person: 13, Name: Carlos, Last Name: Lara, Email: clara@mail.com 
07/07/2020 10:47:28 AM: DEBUG [person_dao.py:28] =>  Id Person: 14, Name: Carlos, Last Name: Lara, Email: clara@mail.com 
07/07/2020 10:47:28 AM: DEBUG [person_dao.py:28] =>  Id Person: 15, Name: Marcos, Last Name: Cantu, Email: mc@mail.com 
07/07/2020 10:47:28 AM: DEBUG [person_dao.py:28] =>  Id Person: 16, Name: Cesar, Last Name: Acosta, Email: ac@mail.com 
07/07/2020 10:59:30 AM: DEBUG [connection.py:26] => Coneccion Exitosa => <connection object at 0x7fc1b2edee80; dsn: 'user=postgres password=xxx dbname=test host=127.0.0.1 port=5432', closed: 0> 
07/07/2020 10:59:30 AM: DEBUG [connection.py:39] => Se abrio el cursor con exito => <cursor object at 0x7fc1b1c7c310; closed: 0> 
07/07/2020 10:59:30 AM: DEBUG [person_dao.py:16] => b'SELECT * FROM persona ORDER BY id_persona' 
07/07/2020 10:59:30 AM: DEBUG [person_dao.py:43] =>  Id Person: 1, Name: Dilan, Last Name: Atondo, Email: clara@mail.com 
07/07/2020 10:59:30 AM: DEBUG [person_dao.py:43] =>  Id Person: 2, Name: Lesley, Last Name: Atondo, Email: clara@mail.com 
07/07/2020 10:59:30 AM: DEBUG [person_dao.py:43] =>  Id Person: 13, Name: Carlos, Last Name: Lara, Email: clara@mail.com 
07/07/2020 10:59:30 AM: DEBUG [person_dao.py:43] =>  Id Person: 14, Name: Carlos, Last Name: Lara, Email: clara@mail.com 
07/07/2020 10:59:30 AM: DEBUG [person_dao.py:43] =>  Id Person: 15, Name: Marcos, Last Name: Cantu, Email: mc@mail.com 
07/07/2020 10:59:30 AM: DEBUG [person_dao.py:43] =>  Id Person: 16, Name: Cesar, Last Name: Acosta, Email: ac@mail.com 
07/07/2020 11:12:33 AM: DEBUG [person.py:49] =>  Id Person: None, Name: Karla, Last Name: Gomez, Email: kgomez@mail.com 
07/07/2020 11:12:34 AM: DEBUG [person.py:49] =>  Id Person: None, Name: Karla, Last Name: Gomez, Email: kgomez@mail.com 
07/07/2020 11:12:37 AM: DEBUG [person.py:49] =>  Id Person: None, Name: Karla, Last Name: Gomez, Email: kgomez@mail.com 
07/07/2020 11:12:37 AM: DEBUG [person.py:49] =>  Id Person: None, Name: Karla, Last Name: Gomez, Email: kgomez@mail.com 
07/07/2020 11:12:37 AM: DEBUG [person.py:49] =>  Id Person: None, Name: Karla, Last Name: Gomez, Email: kgomez@mail.com 
07/07/2020 11:12:38 AM: DEBUG [person.py:49] =>  Id Person: None, Name: Karla, Last Name: Gomez, Email: kgomez@mail.com 
07/07/2020 11:12:38 AM: DEBUG [person.py:49] =>  Id Person: None, Name: Karla, Last Name: Gomez, Email: kgomez@mail.com 
07/07/2020 11:12:38 AM: DEBUG [person.py:49] =>  Id Person: None, Name: Karla, Last Name: Gomez, Email: kgomez@mail.com 
07/07/2020 11:12:39 AM: DEBUG [person.py:49] =>  Id Person: None, Name: Karla, Last Name: Gomez, Email: kgomez@mail.com 
07/07/2020 11:12:39 AM: DEBUG [person.py:49] =>  Id Person: None, Name: Karla, Last Name: Gomez, Email: kgomez@mail.com 
07/07/2020 11:12:48 AM: DEBUG [connection.py:26] => Coneccion Exitosa => <connection object at 0x7fb67dc4fe80; dsn: 'user=postgres password=xxx dbname=test host=127.0.0.1 port=5432', closed: 0> 
07/07/2020 11:12:48 AM: ERROR [person_dao.py:40] => Excepcion al insertar persona => 'psycopg2.extensions.connection' object has no attribute 'getCursor' 
07/07/2020 11:12:48 AM: ERROR [connection.py:54] => Error al cerrar cursor => 'NoneType' object has no attribute 'close' 
07/07/2020 11:12:48 AM: DEBUG [connection.py:61] => Se han cerrado los obj de conexion y cursor 
07/07/2020 11:12:48 AM: DEBUG [person_dao.py:55] => registros insertados => None 
07/07/2020 11:16:17 AM: DEBUG [connection.py:26] => Coneccion Exitosa => <connection object at 0x7fc347825e80; dsn: 'user=postgres password=xxx dbname=test host=127.0.0.1 port=5432', closed: 0> 
07/07/2020 11:16:17 AM: DEBUG [connection.py:39] => Se abrio el cursor con exito => <cursor object at 0x7fc3465604f0; closed: 0> 
07/07/2020 11:16:17 AM: DEBUG [person_dao.py:31] => b'INSERT INTO persona(nombre,apellido,email) VALUES(%s,%s,%s)' 
07/07/2020 11:16:17 AM: DEBUG [person_dao.py:32] => Peronsa a insertar =>  Id Person: None, Name: Pedro, Last Name: Najera, Email: pnajera@mail.com 
07/07/2020 11:16:17 AM: ERROR [person_dao.py:40] => Excepcion al insertar persona => get_name() missing 1 required positional argument: 'self' 
07/07/2020 11:16:17 AM: DEBUG [connection.py:61] => Se han cerrado los obj de conexion y cursor 
07/07/2020 11:16:17 AM: DEBUG [person_dao.py:55] => registros insertados => None 
07/07/2020 11:16:24 AM: DEBUG [connection.py:26] => Coneccion Exitosa => <connection object at 0x7fdc65008e80; dsn: 'user=postgres password=xxx dbname=test host=127.0.0.1 port=5432', closed: 0> 
07/07/2020 11:16:24 AM: DEBUG [connection.py:39] => Se abrio el cursor con exito => <cursor object at 0x7fdc63d434f0; closed: 0> 
07/07/2020 11:16:24 AM: DEBUG [person_dao.py:31] => b'INSERT INTO persona(nombre,apellido,email) VALUES(%s,%s,%s)' 
07/07/2020 11:16:24 AM: DEBUG [person_dao.py:32] => Peronsa a insertar =>  Id Person: None, Name: Pedro, Last Name: Najera, Email: pnajera@mail.com 
07/07/2020 11:16:24 AM: ERROR [person_dao.py:40] => Excepcion al insertar persona => get_name() missing 1 required positional argument: 'self' 
07/07/2020 11:16:24 AM: DEBUG [connection.py:61] => Se han cerrado los obj de conexion y cursor 
07/07/2020 11:16:24 AM: DEBUG [person_dao.py:55] => registros insertados => None 
07/07/2020 11:20:25 AM: DEBUG [connection.py:26] => Coneccion Exitosa => <connection object at 0x7f66db8e4e80; dsn: 'user=postgres password=xxx dbname=test host=127.0.0.1 port=5432', closed: 0> 
07/07/2020 11:20:25 AM: DEBUG [connection.py:39] => Se abrio el cursor con exito => <cursor object at 0x7f66da61f4f0; closed: 0> 
07/07/2020 11:20:25 AM: DEBUG [person_dao.py:31] => b'INSERT INTO persona(nombre,apellido,email) VALUES(%s,%s,%s)' 
07/07/2020 11:20:25 AM: DEBUG [person_dao.py:32] => Peronsa a insertar =>  Id Person: None, Name: Pedro, Last Name: Najera, Email: pnajera@mail.com 
07/07/2020 11:20:26 AM: DEBUG [connection.py:61] => Se han cerrado los obj de conexion y cursor 
07/07/2020 11:20:26 AM: DEBUG [person_dao.py:55] => registros insertados => 1 
07/07/2020 12:41:09 PM: DEBUG [connection.py:26] => Coneccion Exitosa => <connection object at 0x7fd8e396be80; dsn: 'user=postgres password=xxx dbname=test host=127.0.0.1 port=5432', closed: 0> 
07/07/2020 12:41:09 PM: DEBUG [connection.py:39] => Se abrio el cursor con exito => <cursor object at 0x7fd8e26a64f0; closed: 0> 
07/07/2020 12:41:09 PM: ERROR [person_dao.py:59] => Error al actualizar el registro => {e} 
07/07/2020 12:41:09 PM: DEBUG [connection.py:61] => Se han cerrado los obj de conexion y cursor 
07/07/2020 12:41:09 PM: DEBUG [person_dao.py:79] => Personas actualizadas: None 
07/07/2020 12:43:09 PM: DEBUG [connection.py:26] => Coneccion Exitosa => <connection object at 0x7f97681d1e80; dsn: 'user=postgres password=xxx dbname=test host=127.0.0.1 port=5432', closed: 0> 
07/07/2020 12:43:09 PM: DEBUG [connection.py:39] => Se abrio el cursor con exito => <cursor object at 0x7f9766f0c4f0; closed: 0> 
07/07/2020 12:43:09 PM: ERROR [person_dao.py:59] => Error al actualizar el registro => {e} 
07/07/2020 12:43:09 PM: DEBUG [connection.py:61] => Se han cerrado los obj de conexion y cursor 
07/07/2020 12:43:09 PM: DEBUG [person_dao.py:79] => Personas actualizadas: None 
07/07/2020 12:43:10 PM: DEBUG [connection.py:26] => Coneccion Exitosa => <connection object at 0x7fbfb0b08e80; dsn: 'user=postgres password=xxx dbname=test host=127.0.0.1 port=5432', closed: 0> 
07/07/2020 12:43:10 PM: DEBUG [connection.py:39] => Se abrio el cursor con exito => <cursor object at 0x7fbfaf8434f0; closed: 0> 
07/07/2020 12:43:10 PM: ERROR [person_dao.py:59] => Error al actualizar el registro: {e} 
07/07/2020 12:43:10 PM: DEBUG [connection.py:61] => Se han cerrado los obj de conexion y cursor 
07/07/2020 12:43:10 PM: DEBUG [person_dao.py:79] => Personas actualizadas: None 
07/07/2020 12:43:10 PM: DEBUG [connection.py:26] => Coneccion Exitosa => <connection object at 0x7fbc309cee80; dsn: 'user=postgres password=xxx dbname=test host=127.0.0.1 port=5432', closed: 0> 
07/07/2020 12:43:10 PM: DEBUG [connection.py:39] => Se abrio el cursor con exito => <cursor object at 0x7fbc2f7094f0; closed: 0> 
07/07/2020 12:43:10 PM: ERROR [person_dao.py:59] => Error al actualizar el registro: {e} 
07/07/2020 12:43:10 PM: DEBUG [connection.py:61] => Se han cerrado los obj de conexion y cursor 
07/07/2020 12:43:10 PM: DEBUG [person_dao.py:79] => Personas actualizadas: None 
07/07/2020 12:43:10 PM: DEBUG [connection.py:26] => Coneccion Exitosa => <connection object at 0x7fba9b76de80; dsn: 'user=postgres password=xxx dbname=test host=127.0.0.1 port=5432', closed: 0> 
07/07/2020 12:43:10 PM: DEBUG [connection.py:39] => Se abrio el cursor con exito => <cursor object at 0x7fba9a4a84f0; closed: 0> 
07/07/2020 12:43:10 PM: ERROR [person_dao.py:59] => Error al actualizar el registro: {e} 
07/07/2020 12:43:10 PM: DEBUG [connection.py:61] => Se han cerrado los obj de conexion y cursor 
07/07/2020 12:43:10 PM: DEBUG [person_dao.py:79] => Personas actualizadas: None 
07/07/2020 12:43:11 PM: DEBUG [connection.py:26] => Coneccion Exitosa => <connection object at 0x7fde2f9a0e80; dsn: 'user=postgres password=xxx dbname=test host=127.0.0.1 port=5432', closed: 0> 
07/07/2020 12:43:11 PM: DEBUG [connection.py:39] => Se abrio el cursor con exito => <cursor object at 0x7fde2e6db4f0; closed: 0> 
07/07/2020 12:43:11 PM: ERROR [person_dao.py:59] => Error al actualizar el registro: {e} 
07/07/2020 12:43:11 PM: DEBUG [connection.py:61] => Se han cerrado los obj de conexion y cursor 
07/07/2020 12:43:11 PM: DEBUG [person_dao.py:79] => Personas actualizadas: None 
07/07/2020 12:43:11 PM: DEBUG [connection.py:26] => Coneccion Exitosa => <connection object at 0x7ff99b9dce80; dsn: 'user=postgres password=xxx dbname=test host=127.0.0.1 port=5432', closed: 0> 
07/07/2020 12:43:11 PM: DEBUG [connection.py:39] => Se abrio el cursor con exito => <cursor object at 0x7ff99a7174f0; closed: 0> 
07/07/2020 12:43:11 PM: ERROR [person_dao.py:59] => Error al actualizar el registro: {e} 
07/07/2020 12:43:11 PM: DEBUG [connection.py:61] => Se han cerrado los obj de conexion y cursor 
07/07/2020 12:43:11 PM: DEBUG [person_dao.py:79] => Personas actualizadas: None 
07/07/2020 12:43:11 PM: DEBUG [connection.py:26] => Coneccion Exitosa => <connection object at 0x7f11412b2e80; dsn: 'user=postgres password=xxx dbname=test host=127.0.0.1 port=5432', closed: 0> 
07/07/2020 12:43:11 PM: DEBUG [connection.py:39] => Se abrio el cursor con exito => <cursor object at 0x7f113ffed4f0; closed: 0> 
07/07/2020 12:43:11 PM: ERROR [person_dao.py:59] => Error al actualizar el registro: {e} 
07/07/2020 12:43:11 PM: DEBUG [connection.py:61] => Se han cerrado los obj de conexion y cursor 
07/07/2020 12:43:11 PM: DEBUG [person_dao.py:79] => Personas actualizadas: None 
07/07/2020 12:43:11 PM: DEBUG [connection.py:26] => Coneccion Exitosa => <connection object at 0x7f4519cabe80; dsn: 'user=postgres password=xxx dbname=test host=127.0.0.1 port=5432', closed: 0> 
07/07/2020 12:43:11 PM: DEBUG [connection.py:39] => Se abrio el cursor con exito => <cursor object at 0x7f45189e64f0; closed: 0> 
07/07/2020 12:43:11 PM: ERROR [person_dao.py:59] => Error al actualizar el registro: {e} 
07/07/2020 12:43:11 PM: DEBUG [connection.py:61] => Se han cerrado los obj de conexion y cursor 
07/07/2020 12:43:11 PM: DEBUG [person_dao.py:79] => Personas actualizadas: None 
07/07/2020 12:43:12 PM: DEBUG [connection.py:26] => Coneccion Exitosa => <connection object at 0x7fc610813e80; dsn: 'user=postgres password=xxx dbname=test host=127.0.0.1 port=5432', closed: 0> 
07/07/2020 12:43:12 PM: DEBUG [connection.py:39] => Se abrio el cursor con exito => <cursor object at 0x7fc60f54e4f0; closed: 0> 
07/07/2020 12:43:12 PM: ERROR [person_dao.py:59] => Error al actualizar el registro: {e} 
07/07/2020 12:43:12 PM: DEBUG [connection.py:61] => Se han cerrado los obj de conexion y cursor 
07/07/2020 12:43:12 PM: DEBUG [person_dao.py:79] => Personas actualizadas: None 
07/07/2020 12:43:12 PM: DEBUG [connection.py:26] => Coneccion Exitosa => <connection object at 0x7f30dc972e80; dsn: 'user=postgres password=xxx dbname=test host=127.0.0.1 port=5432', closed: 0> 
07/07/2020 12:43:12 PM: DEBUG [connection.py:39] => Se abrio el cursor con exito => <cursor object at 0x7f30db6ad4f0; closed: 0> 
07/07/2020 12:43:12 PM: ERROR [person_dao.py:59] => Error al actualizar el registro: {e} 
07/07/2020 12:43:12 PM: DEBUG [connection.py:61] => Se han cerrado los obj de conexion y cursor 
07/07/2020 12:43:12 PM: DEBUG [person_dao.py:79] => Personas actualizadas: None 
07/07/2020 12:43:12 PM: DEBUG [connection.py:26] => Coneccion Exitosa => <connection object at 0x7f23a0608e80; dsn: 'user=postgres password=xxx dbname=test host=127.0.0.1 port=5432', closed: 0> 
07/07/2020 12:43:12 PM: DEBUG [connection.py:39] => Se abrio el cursor con exito => <cursor object at 0x7f239f3434f0; closed: 0> 
07/07/2020 12:43:12 PM: ERROR [person_dao.py:59] => Error al actualizar el registro: {e} 
07/07/2020 12:43:12 PM: DEBUG [connection.py:61] => Se han cerrado los obj de conexion y cursor 
07/07/2020 12:43:12 PM: DEBUG [person_dao.py:79] => Personas actualizadas: None 
07/07/2020 12:43:12 PM: DEBUG [connection.py:26] => Coneccion Exitosa => <connection object at 0x7f5f0c95de80; dsn: 'user=postgres password=xxx dbname=test host=127.0.0.1 port=5432', closed: 0> 
07/07/2020 12:43:12 PM: DEBUG [connection.py:39] => Se abrio el cursor con exito => <cursor object at 0x7f5f0b6984f0; closed: 0> 
07/07/2020 12:43:12 PM: ERROR [person_dao.py:59] => Error al actualizar el registro: {e} 
07/07/2020 12:43:12 PM: DEBUG [connection.py:61] => Se han cerrado los obj de conexion y cursor 
07/07/2020 12:43:12 PM: DEBUG [person_dao.py:79] => Personas actualizadas: None 
07/07/2020 12:43:12 PM: DEBUG [connection.py:26] => Coneccion Exitosa => <connection object at 0x7f6f3b9f7e80; dsn: 'user=postgres password=xxx dbname=test host=127.0.0.1 port=5432', closed: 0> 
07/07/2020 12:43:12 PM: DEBUG [connection.py:39] => Se abrio el cursor con exito => <cursor object at 0x7f6f3a7324f0; closed: 0> 
07/07/2020 12:43:12 PM: ERROR [person_dao.py:59] => Error al actualizar el registro: {e} 
07/07/2020 12:43:12 PM: DEBUG [connection.py:61] => Se han cerrado los obj de conexion y cursor 
07/07/2020 12:43:12 PM: DEBUG [person_dao.py:79] => Personas actualizadas: None 
07/07/2020 12:43:13 PM: DEBUG [connection.py:26] => Coneccion Exitosa => <connection object at 0x7f6499706e80; dsn: 'user=postgres password=xxx dbname=test host=127.0.0.1 port=5432', closed: 0> 
07/07/2020 12:43:13 PM: DEBUG [connection.py:39] => Se abrio el cursor con exito => <cursor object at 0x7f64984414f0; closed: 0> 
07/07/2020 12:43:13 PM: ERROR [person_dao.py:59] => Error al actualizar el registro: {e} 
07/07/2020 12:43:13 PM: DEBUG [connection.py:61] => Se han cerrado los obj de conexion y cursor 
07/07/2020 12:43:13 PM: DEBUG [person_dao.py:79] => Personas actualizadas: None 
07/07/2020 12:43:13 PM: DEBUG [connection.py:26] => Coneccion Exitosa => <connection object at 0x7f77f6c44e80; dsn: 'user=postgres password=xxx dbname=test host=127.0.0.1 port=5432', closed: 0> 
07/07/2020 12:43:13 PM: DEBUG [connection.py:39] => Se abrio el cursor con exito => <cursor object at 0x7f77f597f4f0; closed: 0> 
07/07/2020 12:43:13 PM: ERROR [person_dao.py:59] => Error al actualizar el registro: {e} 
07/07/2020 12:43:13 PM: DEBUG [connection.py:61] => Se han cerrado los obj de conexion y cursor 
07/07/2020 12:43:13 PM: DEBUG [person_dao.py:79] => Personas actualizadas: None 
07/07/2020 12:43:13 PM: DEBUG [connection.py:26] => Coneccion Exitosa => <connection object at 0x7f9f40498e80; dsn: 'user=postgres password=xxx dbname=test host=127.0.0.1 port=5432', closed: 0> 
07/07/2020 12:43:13 PM: DEBUG [connection.py:39] => Se abrio el cursor con exito => <cursor object at 0x7f9f3f1d34f0; closed: 0> 
07/07/2020 12:43:13 PM: ERROR [person_dao.py:59] => Error al actualizar el registro: {e} 
07/07/2020 12:43:13 PM: DEBUG [connection.py:61] => Se han cerrado los obj de conexion y cursor 
07/07/2020 12:43:13 PM: DEBUG [person_dao.py:79] => Personas actualizadas: None 
07/07/2020 12:43:15 PM: DEBUG [connection.py:26] => Coneccion Exitosa => <connection object at 0x7f03c5680e80; dsn: 'user=postgres password=xxx dbname=test host=127.0.0.1 port=5432', closed: 0> 
07/07/2020 12:43:15 PM: DEBUG [connection.py:39] => Se abrio el cursor con exito => <cursor object at 0x7f03c43bb4f0; closed: 0> 
07/07/2020 12:43:15 PM: ERROR [person_dao.py:59] => Error al actualizar el registro: {e} 
07/07/2020 12:43:15 PM: DEBUG [connection.py:61] => Se han cerrado los obj de conexion y cursor 
07/07/2020 12:43:15 PM: DEBUG [person_dao.py:79] => Personas actualizadas: None 
07/07/2020 12:43:16 PM: DEBUG [connection.py:26] => Coneccion Exitosa => <connection object at 0x7f90f6314e80; dsn: 'user=postgres password=xxx dbname=test host=127.0.0.1 port=5432', closed: 0> 
07/07/2020 12:43:16 PM: DEBUG [connection.py:39] => Se abrio el cursor con exito => <cursor object at 0x7f90f504f4f0; closed: 0> 
07/07/2020 12:43:16 PM: ERROR [person_dao.py:59] => Error al actualizar el registro => {e} 
07/07/2020 12:43:16 PM: DEBUG [connection.py:61] => Se han cerrado los obj de conexion y cursor 
07/07/2020 12:43:16 PM: DEBUG [person_dao.py:79] => Personas actualizadas: None 
07/07/2020 12:43:17 PM: DEBUG [connection.py:26] => Coneccion Exitosa => <connection object at 0x7f3299a15e80; dsn: 'user=postgres password=xxx dbname=test host=127.0.0.1 port=5432', closed: 0> 
07/07/2020 12:43:17 PM: DEBUG [connection.py:39] => Se abrio el cursor con exito => <cursor object at 0x7f32987504f0; closed: 0> 
07/07/2020 12:43:17 PM: ERROR [person_dao.py:59] => Error al actualizar el registro => {e} 
07/07/2020 12:43:17 PM: DEBUG [connection.py:61] => Se han cerrado los obj de conexion y cursor 
07/07/2020 12:43:17 PM: DEBUG [person_dao.py:79] => Personas actualizadas: None 
07/07/2020 12:43:17 PM: DEBUG [connection.py:26] => Coneccion Exitosa => <connection object at 0x7f86dbde3e80; dsn: 'user=postgres password=xxx dbname=test host=127.0.0.1 port=5432', closed: 0> 
07/07/2020 12:43:17 PM: DEBUG [connection.py:39] => Se abrio el cursor con exito => <cursor object at 0x7f86dab1e4f0; closed: 0> 
07/07/2020 12:43:17 PM: ERROR [person_dao.py:59] => Error al actualizar el registro => {e} 
07/07/2020 12:43:17 PM: DEBUG [connection.py:61] => Se han cerrado los obj de conexion y cursor 
07/07/2020 12:43:17 PM: DEBUG [person_dao.py:79] => Personas actualizadas: None 
07/07/2020 12:43:17 PM: DEBUG [connection.py:26] => Coneccion Exitosa => <connection object at 0x7f230142fe80; dsn: 'user=postgres password=xxx dbname=test host=127.0.0.1 port=5432', closed: 0> 
07/07/2020 12:43:17 PM: DEBUG [connection.py:39] => Se abrio el cursor con exito => <cursor object at 0x7f230016a4f0; closed: 0> 
07/07/2020 12:43:17 PM: ERROR [person_dao.py:59] => Error al actualizar el registro => {e} 
07/07/2020 12:43:17 PM: DEBUG [connection.py:61] => Se han cerrado los obj de conexion y cursor 
07/07/2020 12:43:17 PM: DEBUG [person_dao.py:79] => Personas actualizadas: None 
07/07/2020 12:43:29 PM: DEBUG [connection.py:26] => Coneccion Exitosa => <connection object at 0x7f658f852e80; dsn: 'user=postgres password=xxx dbname=test host=127.0.0.1 port=5432', closed: 0> 
07/07/2020 12:43:29 PM: DEBUG [connection.py:39] => Se abrio el cursor con exito => <cursor object at 0x7f658e58d4f0; closed: 0> 
07/07/2020 12:43:29 PM: ERROR [person_dao.py:59] => Error al actualizar el registro => {e} 
07/07/2020 12:43:29 PM: DEBUG [connection.py:61] => Se han cerrado los obj de conexion y cursor 
07/07/2020 12:43:29 PM: DEBUG [person_dao.py:79] => Personas actualizadas: None 
07/07/2020 12:43:30 PM: DEBUG [connection.py:26] => Coneccion Exitosa => <connection object at 0x7f260dcc1e80; dsn: 'user=postgres password=xxx dbname=test host=127.0.0.1 port=5432', closed: 0> 
07/07/2020 12:43:30 PM: DEBUG [connection.py:39] => Se abrio el cursor con exito => <cursor object at 0x7f260c9fc4f0; closed: 0> 
07/07/2020 12:43:30 PM: DEBUG [person_dao.py:50] => b'UPDATE persona SET nombre=%s, apellido=%s, email=%s WHERE id_persona=%s' 
07/07/2020 12:43:30 PM: DEBUG [person_dao.py:51] => Peronsa a actualizar =>  Id Person: 1, Name: Juan, Last Name: Perez, Email: jperez@mail.com 
07/07/2020 12:43:30 PM: DEBUG [connection.py:61] => Se han cerrado los obj de conexion y cursor 
07/07/2020 12:43:30 PM: DEBUG [person_dao.py:79] => Personas actualizadas: 1 
07/07/2020 12:44:02 PM: DEBUG [connection.py:26] => Coneccion Exitosa => <connection object at 0x7f6fa4368e80; dsn: 'user=postgres password=xxx dbname=test host=127.0.0.1 port=5432', closed: 0> 
07/07/2020 12:44:02 PM: DEBUG [connection.py:39] => Se abrio el cursor con exito => <cursor object at 0x7f6fa30a34f0; closed: 0> 
07/07/2020 12:44:02 PM: DEBUG [person_dao.py:17] => b'SELECT * FROM persona ORDER BY id_persona' 
07/07/2020 12:44:02 PM: DEBUG [connection.py:61] => Se han cerrado los obj de conexion y cursor 
07/07/2020 12:44:02 PM: DEBUG [person_dao.py:69] =>  Id Person: 1, Name: Juan, Last Name: Perez, Email: jperez@mail.com 
07/07/2020 12:44:02 PM: DEBUG [person_dao.py:69] =>  Id Person: 2, Name: Lesley, Last Name: Atondo, Email: clara@mail.com 
07/07/2020 12:44:02 PM: DEBUG [person_dao.py:69] =>  Id Person: 13, Name: Carlos, Last Name: Lara, Email: clara@mail.com 
07/07/2020 12:44:02 PM: DEBUG [person_dao.py:69] =>  Id Person: 14, Name: Carlos, Last Name: Lara, Email: clara@mail.com 
07/07/2020 12:44:02 PM: DEBUG [person_dao.py:69] =>  Id Person: 15, Name: Marcos, Last Name: Cantu, Email: mc@mail.com 
07/07/2020 12:44:02 PM: DEBUG [person_dao.py:69] =>  Id Person: 16, Name: Cesar, Last Name: Acosta, Email: ac@mail.com 
07/07/2020 12:44:02 PM: DEBUG [person_dao.py:69] =>  Id Person: 17, Name: Pedro, Last Name: Najera, Email: pnajera@mail.com 
07/07/2020 12:44:04 PM: DEBUG [connection.py:26] => Coneccion Exitosa => <connection object at 0x7f5fec22ae80; dsn: 'user=postgres password=xxx dbname=test host=127.0.0.1 port=5432', closed: 0> 
07/07/2020 12:44:04 PM: DEBUG [connection.py:39] => Se abrio el cursor con exito => <cursor object at 0x7f5feaf654f0; closed: 0> 
07/07/2020 12:44:04 PM: DEBUG [person_dao.py:17] => b'SELECT * FROM persona ORDER BY id_persona' 
07/07/2020 12:44:04 PM: DEBUG [connection.py:61] => Se han cerrado los obj de conexion y cursor 
07/07/2020 12:44:04 PM: DEBUG [person_dao.py:69] =>  Id Person: 1, Name: Juan, Last Name: Perez, Email: jperez@mail.com 
07/07/2020 12:44:04 PM: DEBUG [person_dao.py:69] =>  Id Person: 2, Name: Lesley, Last Name: Atondo, Email: clara@mail.com 
07/07/2020 12:44:04 PM: DEBUG [person_dao.py:69] =>  Id Person: 13, Name: Carlos, Last Name: Lara, Email: clara@mail.com 
07/07/2020 12:44:04 PM: DEBUG [person_dao.py:69] =>  Id Person: 14, Name: Carlos, Last Name: Lara, Email: clara@mail.com 
07/07/2020 12:44:04 PM: DEBUG [person_dao.py:69] =>  Id Person: 15, Name: Marcos, Last Name: Cantu, Email: mc@mail.com 
07/07/2020 12:44:04 PM: DEBUG [person_dao.py:69] =>  Id Person: 16, Name: Cesar, Last Name: Acosta, Email: ac@mail.com 
07/07/2020 12:44:04 PM: DEBUG [person_dao.py:69] =>  Id Person: 17, Name: Pedro, Last Name: Najera, Email: pnajera@mail.com 
07/07/2020 12:44:04 PM: DEBUG [connection.py:26] => Coneccion Exitosa => <connection object at 0x7f654712ce80; dsn: 'user=postgres password=xxx dbname=test host=127.0.0.1 port=5432', closed: 0> 
07/07/2020 12:44:04 PM: DEBUG [connection.py:39] => Se abrio el cursor con exito => <cursor object at 0x7f6545e674f0; closed: 0> 
07/07/2020 12:44:04 PM: DEBUG [person_dao.py:17] => b'SELECT * FROM persona ORDER BY id_persona' 
07/07/2020 12:44:04 PM: DEBUG [connection.py:61] => Se han cerrado los obj de conexion y cursor 
07/07/2020 12:44:04 PM: DEBUG [person_dao.py:69] =>  Id Person: 1, Name: Juan, Last Name: Perez, Email: jperez@mail.com 
07/07/2020 12:44:04 PM: DEBUG [person_dao.py:69] =>  Id Person: 2, Name: Lesley, Last Name: Atondo, Email: clara@mail.com 
07/07/2020 12:44:04 PM: DEBUG [person_dao.py:69] =>  Id Person: 13, Name: Carlos, Last Name: Lara, Email: clara@mail.com 
07/07/2020 12:44:04 PM: DEBUG [person_dao.py:69] =>  Id Person: 14, Name: Carlos, Last Name: Lara, Email: clara@mail.com 
07/07/2020 12:44:04 PM: DEBUG [person_dao.py:69] =>  Id Person: 15, Name: Marcos, Last Name: Cantu, Email: mc@mail.com 
07/07/2020 12:44:04 PM: DEBUG [person_dao.py:69] =>  Id Person: 16, Name: Cesar, Last Name: Acosta, Email: ac@mail.com 
07/07/2020 12:44:04 PM: DEBUG [person_dao.py:69] =>  Id Person: 17, Name: Pedro, Last Name: Najera, Email: pnajera@mail.com 
07/07/2020 12:44:04 PM: DEBUG [connection.py:26] => Coneccion Exitosa => <connection object at 0x7f5165f11e80; dsn: 'user=postgres password=xxx dbname=test host=127.0.0.1 port=5432', closed: 0> 
07/07/2020 12:44:04 PM: DEBUG [connection.py:39] => Se abrio el cursor con exito => <cursor object at 0x7f5164c4c4f0; closed: 0> 
07/07/2020 12:44:04 PM: DEBUG [person_dao.py:17] => b'SELECT * FROM persona ORDER BY id_persona' 
07/07/2020 12:44:04 PM: DEBUG [connection.py:61] => Se han cerrado los obj de conexion y cursor 
07/07/2020 12:44:04 PM: DEBUG [person_dao.py:69] =>  Id Person: 1, Name: Juan, Last Name: Perez, Email: jperez@mail.com 
07/07/2020 12:44:04 PM: DEBUG [person_dao.py:69] =>  Id Person: 2, Name: Lesley, Last Name: Atondo, Email: clara@mail.com 
07/07/2020 12:44:04 PM: DEBUG [person_dao.py:69] =>  Id Person: 13, Name: Carlos, Last Name: Lara, Email: clara@mail.com 
07/07/2020 12:44:04 PM: DEBUG [person_dao.py:69] =>  Id Person: 14, Name: Carlos, Last Name: Lara, Email: clara@mail.com 
07/07/2020 12:44:04 PM: DEBUG [person_dao.py:69] =>  Id Person: 15, Name: Marcos, Last Name: Cantu, Email: mc@mail.com 
07/07/2020 12:44:04 PM: DEBUG [person_dao.py:69] =>  Id Person: 16, Name: Cesar, Last Name: Acosta, Email: ac@mail.com 
07/07/2020 12:44:04 PM: DEBUG [person_dao.py:69] =>  Id Person: 17, Name: Pedro, Last Name: Najera, Email: pnajera@mail.com 
07/07/2020 12:44:04 PM: DEBUG [connection.py:26] => Coneccion Exitosa => <connection object at 0x7f7838b9ce80; dsn: 'user=postgres password=xxx dbname=test host=127.0.0.1 port=5432', closed: 0> 
07/07/2020 12:44:04 PM: DEBUG [connection.py:39] => Se abrio el cursor con exito => <cursor object at 0x7f78378d74f0; closed: 0> 
07/07/2020 12:44:04 PM: DEBUG [person_dao.py:17] => b'SELECT * FROM persona ORDER BY id_persona' 
07/07/2020 12:44:04 PM: DEBUG [connection.py:61] => Se han cerrado los obj de conexion y cursor 
07/07/2020 12:44:04 PM: DEBUG [person_dao.py:69] =>  Id Person: 1, Name: Juan, Last Name: Perez, Email: jperez@mail.com 
07/07/2020 12:44:04 PM: DEBUG [person_dao.py:69] =>  Id Person: 2, Name: Lesley, Last Name: Atondo, Email: clara@mail.com 
07/07/2020 12:44:04 PM: DEBUG [person_dao.py:69] =>  Id Person: 13, Name: Carlos, Last Name: Lara, Email: clara@mail.com 
07/07/2020 12:44:04 PM: DEBUG [person_dao.py:69] =>  Id Person: 14, Name: Carlos, Last Name: Lara, Email: clara@mail.com 
07/07/2020 12:44:04 PM: DEBUG [person_dao.py:69] =>  Id Person: 15, Name: Marcos, Last Name: Cantu, Email: mc@mail.com 
07/07/2020 12:44:04 PM: DEBUG [person_dao.py:69] =>  Id Person: 16, Name: Cesar, Last Name: Acosta, Email: ac@mail.com 
07/07/2020 12:44:04 PM: DEBUG [person_dao.py:69] =>  Id Person: 17, Name: Pedro, Last Name: Najera, Email: pnajera@mail.com 
07/07/2020 12:44:05 PM: DEBUG [connection.py:26] => Coneccion Exitosa => <connection object at 0x7f51b07d5e80; dsn: 'user=postgres password=xxx dbname=test host=127.0.0.1 port=5432', closed: 0> 
07/07/2020 12:44:05 PM: DEBUG [connection.py:39] => Se abrio el cursor con exito => <cursor object at 0x7f51af5104f0; closed: 0> 
07/07/2020 12:44:05 PM: DEBUG [person_dao.py:17] => b'SELECT * FROM persona ORDER BY id_persona' 
07/07/2020 12:44:05 PM: DEBUG [connection.py:61] => Se han cerrado los obj de conexion y cursor 
07/07/2020 12:44:05 PM: DEBUG [person_dao.py:69] =>  Id Person: 1, Name: Juan, Last Name: Perez, Email: jperez@mail.com 
07/07/2020 12:44:05 PM: DEBUG [person_dao.py:69] =>  Id Person: 2, Name: Lesley, Last Name: Atondo, Email: clara@mail.com 
07/07/2020 12:44:05 PM: DEBUG [person_dao.py:69] =>  Id Person: 13, Name: Carlos, Last Name: Lara, Email: clara@mail.com 
07/07/2020 12:44:05 PM: DEBUG [person_dao.py:69] =>  Id Person: 14, Name: Carlos, Last Name: Lara, Email: clara@mail.com 
07/07/2020 12:44:05 PM: DEBUG [person_dao.py:69] =>  Id Person: 15, Name: Marcos, Last Name: Cantu, Email: mc@mail.com 
07/07/2020 12:44:05 PM: DEBUG [person_dao.py:69] =>  Id Person: 16, Name: Cesar, Last Name: Acosta, Email: ac@mail.com 
07/07/2020 12:44:05 PM: DEBUG [person_dao.py:69] =>  Id Person: 17, Name: Pedro, Last Name: Najera, Email: pnajera@mail.com 
07/07/2020 12:50:06 PM: DEBUG [connection.py:26] => Coneccion Exitosa => <connection object at 0x7fdbc0c8fe80; dsn: 'user=postgres password=xxx dbname=test host=127.0.0.1 port=5432', closed: 0> 
07/07/2020 12:50:06 PM: DEBUG [connection.py:39] => Se abrio el cursor con exito => <cursor object at 0x7fdbbf9c55e0; closed: 0> 
07/07/2020 12:50:06 PM: ERROR [person_dao.py:77] => Error al borrar a la persona => type object 'PersonDao' has no attribute '_DELETE' 
07/07/2020 12:50:06 PM: DEBUG [connection.py:61] => Se han cerrado los obj de conexion y cursor 
07/07/2020 12:50:06 PM: DEBUG [person_dao.py:102] => Personas eliminadas: None 
07/07/2020 12:50:09 PM: DEBUG [connection.py:26] => Coneccion Exitosa => <connection object at 0x7f76215fbe80; dsn: 'user=postgres password=xxx dbname=test host=127.0.0.1 port=5432', closed: 0> 
07/07/2020 12:50:09 PM: DEBUG [connection.py:39] => Se abrio el cursor con exito => <cursor object at 0x7f76203315e0; closed: 0> 
07/07/2020 12:50:09 PM: ERROR [person_dao.py:77] => Error al borrar a la persona => type object 'PersonDao' has no attribute '_DELETE' 
07/07/2020 12:50:09 PM: DEBUG [connection.py:61] => Se han cerrado los obj de conexion y cursor 
07/07/2020 12:50:09 PM: DEBUG [person_dao.py:102] => Personas eliminadas: None 
07/07/2020 12:50:29 PM: DEBUG [connection.py:26] => Coneccion Exitosa => <connection object at 0x7fedab690e80; dsn: 'user=postgres password=xxx dbname=test host=127.0.0.1 port=5432', closed: 0> 
07/07/2020 12:50:29 PM: DEBUG [connection.py:39] => Se abrio el cursor con exito => <cursor object at 0x7fedaa3c65e0; closed: 0> 
07/07/2020 12:50:29 PM: DEBUG [person_dao.py:69] => b'DELETE FROM persona WHERE id_persona = %s' 
07/07/2020 12:50:29 PM: DEBUG [person_dao.py:70] => Persona a eliminar =>  Id Person: 7, Name: None, Last Name: None, Email: None 
07/07/2020 12:50:29 PM: DEBUG [connection.py:61] => Se han cerrado los obj de conexion y cursor 
07/07/2020 12:50:29 PM: DEBUG [person_dao.py:102] => Personas eliminadas: 0 
07/07/2020 12:50:50 PM: DEBUG [connection.py:26] => Coneccion Exitosa => <connection object at 0x7f9488cb9e80; dsn: 'user=postgres password=xxx dbname=test host=127.0.0.1 port=5432', closed: 0> 
07/07/2020 12:50:50 PM: DEBUG [connection.py:39] => Se abrio el cursor con exito => <cursor object at 0x7f94879ef5e0; closed: 0> 
07/07/2020 12:50:50 PM: DEBUG [person_dao.py:69] => b'DELETE FROM persona WHERE id_persona = %s' 
07/07/2020 12:50:50 PM: DEBUG [person_dao.py:70] => Persona a eliminar =>  Id Person: 17, Name: None, Last Name: None, Email: None 
07/07/2020 12:50:50 PM: DEBUG [connection.py:61] => Se han cerrado los obj de conexion y cursor 
07/07/2020 12:50:50 PM: DEBUG [person_dao.py:102] => Personas eliminadas: 1 
07/07/2020 12:51:13 PM: DEBUG [connection.py:26] => Coneccion Exitosa => <connection object at 0x7f7248c11e80; dsn: 'user=postgres password=xxx dbname=test host=127.0.0.1 port=5432', closed: 0> 
07/07/2020 12:51:13 PM: DEBUG [connection.py:39] => Se abrio el cursor con exito => <cursor object at 0x7f72479ab400; closed: 0> 
07/07/2020 12:51:13 PM: DEBUG [person_dao.py:69] => b'DELETE FROM persona WHERE id_persona = %s' 
07/07/2020 12:51:13 PM: DEBUG [person_dao.py:70] => Persona a eliminar =>  Id Person: 17, Name: None, Last Name: None, Email: None 
07/07/2020 12:51:13 PM: DEBUG [connection.py:61] => Se han cerrado los obj de conexion y cursor 
07/07/2020 12:51:13 PM: DEBUG [person_dao.py:102] => Personas eliminadas: 0 
